<?xml version="1.0" encoding="UTF-8"?>
<!-- Generated by org.testng.reporters.JUnitReportReporter -->
<testsuite hostname="LauraLobo-PC" failures="0" tests="1" name="br.com.llobo.testacases.TesteClass" time="0.010" errors="0" timestamp="28 Oct 2022 23:59:50 GMT">
  <testcase classname="br.com.llobo.testacases.TesteClass" name="teste01" time="0.010"/>
</testsuite> <!-- br.com.llobo.testacases.TesteClass -->
